RUN	testTaskPerformance.MySimulation	mysimulation	1559737991632	 	3.1.2
USER	MyTestSimulation	1	START	1559737992949	1559737992949
REQUEST	1		Open_Start_Page	1559737992972	1559737994582	OK	 
REQUEST	1		Click_On_Start_Button	1559737995630	1559737995858	OK	 
REQUEST	1		Get_Step_Two	1559737997532	1559737997764	OK	 
REQUEST	1		Step_Two	1559737999637	1559737999861	OK	 
REQUEST	1		Get_Step_Tree	1559738001254	1559738001489	OK	 
REQUEST	1		Step_Three	1559738004580	1559738004808	OK	 
REQUEST	1		Get_Step_Foure	1559738006122	1559738006356	OK	 
REQUEST	1		Step_Four	1559738008470	1559738008698	OK	 
REQUEST	1		Get_Step_Five	1559738010552	1559738010777	OK	 
REQUEST	1		Get_One_Time_Token	1559738011882	1559738012109	OK	 
REQUEST	1		Step_Five	1559738014814	1559738015040	OK	 
REQUEST	1		Get_Done_Page	1559738016468	1559738016691	OK	 
REQUEST	1		Open_Start_Page	1559738018620	1559738018847	OK	 
REQUEST	1		Click_On_Start_Button	1559738019861	1559738020084	OK	 
REQUEST	1		Get_Step_Two	1559738021134	1559738021362	OK	 
REQUEST	1		Step_Two	1559738022972	1559738023193	OK	 
REQUEST	1		Get_Step_Tree	1559738024491	1559738024723	OK	 
REQUEST	1		Step_Three	1559738028963	1559738029184	OK	 
REQUEST	1		Get_Step_Foure	1559738030694	1559738030919	OK	 
REQUEST	1		Step_Four	1559738033226	1559738033447	OK	 
REQUEST	1		Get_Step_Five	1559738034903	1559738035126	OK	 
REQUEST	1		Get_One_Time_Token	1559738036801	1559738037023	OK	 
REQUEST	1		Step_Five	1559738039223	1559738039446	OK	 
REQUEST	1		Get_Done_Page	1559738040493	1559738040714	OK	 
REQUEST	1		Open_Start_Page	1559738042433	1559738043155	OK	 
REQUEST	1		Click_On_Start_Button	1559738044160	1559738044386	OK	 
REQUEST	1		Get_Step_Two	1559738045669	1559738045901	OK	 
REQUEST	1		Step_Two	1559738047582	1559738047803	OK	 
REQUEST	1		Get_Step_Tree	1559738048971	1559738049206	OK	 
REQUEST	1		Step_Three	1559738053794	1559738054020	OK	 
REQUEST	1		Get_Step_Foure	1559738055419	1559738055646	OK	 
REQUEST	1		Step_Four	1559738058242	1559738058465	OK	 
REQUEST	1		Get_Step_Five	1559738060404	1559738060634	OK	 
REQUEST	1		Get_One_Time_Token	1559738062073	1559738062294	OK	 
REQUEST	1		Step_Five	1559738063854	1559738064076	OK	 
REQUEST	1		Get_Done_Page	1559738065521	1559738065748	OK	 
REQUEST	1		Open_Start_Page	1559738066920	1559738068154	OK	 
REQUEST	1		Click_On_Start_Button	1559738069162	1559738069390	OK	 
REQUEST	1		Get_Step_Two	1559738070842	1559738071070	OK	 
REQUEST	1		Step_Two	1559738072444	1559738072668	OK	 
REQUEST	1		Get_Step_Tree	1559738074303	1559738074538	OK	 
REQUEST	1		Step_Three	1559738079141	1559738079367	OK	 
REQUEST	1		Get_Step_Foure	1559738081164	1559738081391	OK	 
REQUEST	1		Step_Four	1559738083590	1559738083814	OK	 
REQUEST	1		Get_Step_Five	1559738085580	1559738086084	OK	 
REQUEST	1		Get_One_Time_Token	1559738087544	1559738087766	OK	 
REQUEST	1		Step_Five	1559738088930	1559738089152	OK	 
REQUEST	1		Get_Done_Page	1559738090451	1559738090675	OK	 
REQUEST	1		Open_Start_Page	1559738092202	1559738092651	OK	 
REQUEST	1		Click_On_Start_Button	1559738093664	1559738093888	OK	 
REQUEST	1		Get_Step_Two	1559738095669	1559738095900	OK	 
REQUEST	1		Step_Two	1559738097729	1559738097955	OK	 
REQUEST	1		Get_Step_Tree	1559738099858	1559738100091	OK	 
REQUEST	1		Step_Three	1559738104274	1559738104963	OK	 
REQUEST	1		Get_Step_Foure	1559738106894	1559738107407	OK	 
REQUEST	1		Step_Four	1559738110333	1559738110556	OK	 
REQUEST	1		Get_Step_Five	1559738112372	1559738112596	OK	 
REQUEST	1		Get_One_Time_Token	1559738113811	1559738114032	OK	 
REQUEST	1		Step_Five	1559738115441	1559738115667	OK	 
REQUEST	1		Get_Done_Page	1559738117282	1559738117504	OK	 
REQUEST	1		Open_Start_Page	1559738118589	1559738118818	OK	 
REQUEST	1		Click_On_Start_Button	1559738119820	1559738120044	OK	 
REQUEST	1		Get_Step_Two	1559738121202	1559738121433	OK	 
REQUEST	1		Step_Two	1559738122854	1559738123079	OK	 
REQUEST	1		Get_Step_Tree	1559738124369	1559738124607	OK	 
REQUEST	1		Step_Three	1559738128394	1559738128624	OK	 
REQUEST	1		Get_Step_Foure	1559738129721	1559738129946	OK	 
REQUEST	1		Step_Four	1559738132649	1559738132876	OK	 
REQUEST	1		Get_Step_Five	1559738134711	1559738134938	OK	 
REQUEST	1		Get_One_Time_Token	1559738136361	1559738136607	OK	 
REQUEST	1		Step_Five	1559738138858	1559738139080	OK	 
REQUEST	1		Get_Done_Page	1559738140660	1559738140883	OK	 
REQUEST	1		Open_Start_Page	1559738142319	1559738142545	OK	 
REQUEST	1		Click_On_Start_Button	1559738143553	1559738143774	OK	 
REQUEST	1		Get_Step_Two	1559738145703	1559738145946	OK	 
REQUEST	1		Step_Two	1559738147393	1559738147617	OK	 
REQUEST	1		Get_Step_Tree	1559738148631	1559738148863	OK	 
REQUEST	1		Step_Three	1559738153584	1559738153809	OK	 
REQUEST	1		Get_Step_Foure	1559738155742	1559738155969	OK	 
REQUEST	1		Step_Four	1559738158042	1559738158264	OK	 
REQUEST	1		Get_Step_Five	1559738160241	1559738160468	OK	 
REQUEST	1		Get_One_Time_Token	1559738162152	1559738162374	OK	 
REQUEST	1		Step_Five	1559738163999	1559738164220	OK	 
REQUEST	1		Get_Done_Page	1559738165602	1559738165829	OK	 
REQUEST	1		Open_Start_Page	1559738166979	1559738167203	OK	 
REQUEST	1		Click_On_Start_Button	1559738168213	1559738168435	OK	 
REQUEST	1		Get_Step_Two	1559738170093	1559738170320	OK	 
REQUEST	1		Step_Two	1559738171363	1559738171584	OK	 
REQUEST	1		Get_Step_Tree	1559738173519	1559738173748	OK	 
REQUEST	1		Step_Three	1559738177102	1559738177328	OK	 
REQUEST	1		Get_Step_Foure	1559738178653	1559738178879	OK	 
REQUEST	1		Step_Four	1559738180992	1559738181218	OK	 
REQUEST	1		Get_Step_Five	1559738182653	1559738182886	OK	 
REQUEST	1		Get_One_Time_Token	1559738184160	1559738184834	OK	 
REQUEST	1		Step_Five	1559738186279	1559738186505	OK	 
REQUEST	1		Get_Done_Page	1559738187871	1559738188092	OK	 
REQUEST	1		Open_Start_Page	1559738189811	1559738190038	OK	 
REQUEST	1		Click_On_Start_Button	1559738191040	1559738191262	OK	 
REQUEST	1		Get_Step_Two	1559738192599	1559738192826	OK	 
REQUEST	1		Step_Two	1559738194573	1559738194804	OK	 
REQUEST	1		Get_Step_Tree	1559738196691	1559738198402	OK	 
REQUEST	1		Step_Three	1559738201762	1559738201987	OK	 
REQUEST	1		Get_Step_Foure	1559738203661	1559738203888	OK	 
REQUEST	1		Step_Four	1559738206082	1559738206310	OK	 
REQUEST	1		Get_Step_Five	1559738207700	1559738207928	OK	 
REQUEST	1		Get_One_Time_Token	1559738208941	1559738209167	OK	 
REQUEST	1		Step_Five	1559738211682	1559738211938	OK	 
REQUEST	1		Get_Done_Page	1559738213371	1559738213597	OK	 
REQUEST	1		Open_Start_Page	1559738215391	1559738215615	OK	 
REQUEST	1		Click_On_Start_Button	1559738216624	1559738216845	OK	 
REQUEST	1		Get_Step_Two	1559738218782	1559738219010	OK	 
REQUEST	1		Step_Two	1559738220572	1559738220794	OK	 
REQUEST	1		Get_Step_Tree	1559738222449	1559738222677	OK	 
REQUEST	1		Step_Three	1559738226432	1559738226656	OK	 
REQUEST	1		Get_Step_Foure	1559738228508	1559738232585	OK	 
REQUEST	1		Step_Four	1559738235031	1559738235281	OK	 
REQUEST	1		Get_Step_Five	1559738236818	1559738237042	OK	 
REQUEST	1		Get_One_Time_Token	1559738238864	1559738239087	OK	 
REQUEST	1		Step_Five	1559738241169	1559738241395	OK	 
REQUEST	1		Get_Done_Page	1559738242609	1559738243296	OK	 
REQUEST	1		Open_Start_Page	1559738245141	1559738245585	OK	 
REQUEST	1		Click_On_Start_Button	1559738246578	1559738246800	OK	 
REQUEST	1		Get_Step_Two	1559738248270	1559738248503	OK	 
REQUEST	1		Step_Two	1559738249511	1559738249737	OK	 
REQUEST	1		Get_Step_Tree	1559738250999	1559738251905	OK	 
REQUEST	1		Step_Three	1559738254749	1559738254975	OK	 
REQUEST	1		Get_Step_Foure	1559738256001	1559738256225	OK	 
REQUEST	1		Step_Four	1559738258944	1559738259165	OK	 
REQUEST	1		Get_Step_Five	1559738260922	1559738261156	OK	 
REQUEST	1		Get_One_Time_Token	1559738262780	1559738263002	OK	 
REQUEST	1		Step_Five	1559738264069	1559738264290	OK	 
REQUEST	1		Get_Done_Page	1559738265833	1559738266057	OK	 
REQUEST	1		Open_Start_Page	1559738267580	1559738267802	OK	 
REQUEST	1		Click_On_Start_Button	1559738268814	1559738269040	OK	 
REQUEST	1		Get_Step_Two	1559738270769	1559738270995	OK	 
REQUEST	1		Step_Two	1559738272500	1559738272725	OK	 
REQUEST	1		