2019-06-06 11:20:40,970 INFO o.a.j.u.JMeterUtils: Setting Locale to en_EN
2019-06-06 11:20:40,982 INFO o.a.j.JMeter: Loading user properties from: user.properties
2019-06-06 11:20:40,982 INFO o.a.j.JMeter: Loading system properties from: system.properties
2019-06-06 11:20:40,982 INFO o.a.j.JMeter: Setting JMeter property: jmeter.save.saveservice.output_format=xml
2019-06-06 11:20:40,993 INFO o.a.j.JMeter: Copyright (c) 1998-2019 The Apache Software Foundation
2019-06-06 11:20:40,993 INFO o.a.j.JMeter: Version 5.1.1 r1855137
2019-06-06 11:20:40,993 INFO o.a.j.JMeter: java.version=1.8.0_201
2019-06-06 11:20:40,993 INFO o.a.j.JMeter: java.vm.name=Java HotSpot(TM) 64-Bit Server VM
2019-06-06 11:20:40,993 INFO o.a.j.JMeter: os.name=Windows 10
2019-06-06 11:20:40,993 INFO o.a.j.JMeter: os.arch=amd64
2019-06-06 11:20:40,993 INFO o.a.j.JMeter: os.version=10.0
2019-06-06 11:20:40,993 INFO o.a.j.JMeter: file.encoding=Cp1251
2019-06-06 11:20:40,993 INFO o.a.j.JMeter: java.awt.headless=true
2019-06-06 11:20:40,993 INFO o.a.j.JMeter: Max memory     =1073741824
2019-06-06 11:20:40,993 INFO o.a.j.JMeter: Available Processors =4
2019-06-06 11:20:40,997 INFO o.a.j.JMeter: Default Locale=English (EN)
2019-06-06 11:20:40,997 INFO o.a.j.JMeter: JMeter  Locale=English (EN)
2019-06-06 11:20:40,997 INFO o.a.j.JMeter: JMeterHome=C:\Users\Polina_Koriahina\Desktop\my_taks\tasks\apache-jmeter-5.1.1
2019-06-06 11:20:40,997 INFO o.a.j.JMeter: user.dir  =C:\Users\Polina_Koriahina\Desktop\my_taks\tasks\apache-jmeter-5.1.1\bin
2019-06-06 11:20:40,998 INFO o.a.j.JMeter: PWD       =C:\Users\Polina_Koriahina\Desktop\my_taks\tasks\apache-jmeter-5.1.1\bin
2019-06-06 11:20:40,999 INFO o.a.j.JMeter: IP: 10.23.15.133 Name: EPUAKHAW5407 FullName: EPUAKHAW5407.kyiv.epam.com
2019-06-06 11:20:41,002 INFO o.a.j.s.FileServer: Default base='C:\Users\Polina_Koriahina\Desktop\my_taks\tasks\apache-jmeter-5.1.1\bin'
2019-06-06 11:20:41,006 INFO o.a.j.s.FileServer: Set new base='C:\Users\Polina_Koriahina\Desktop\my_taks\tasks\apache-jmeter-5.1.1\bin\..\..'
2019-06-06 11:20:41,158 INFO o.a.j.s.SaveService: Testplan (JMX) version: 2.2. Testlog (JTL) version: 2.2
2019-06-06 11:20:41,182 INFO o.a.j.s.SaveService: Using SaveService properties file encoding UTF-8
2019-06-06 11:20:41,195 INFO o.a.j.s.SaveService: Using SaveService properties version 5.0
2019-06-06 11:20:41,200 INFO o.a.j.s.SaveService: Loading file: ..\..\newOne.jmx
2019-06-06 11:20:41,259 INFO o.a.j.p.h.c.CookieManager: Settings: Delete null: true Check: true Allow variable: true Save: false Prefix: COOKIE_
2019-06-06 11:20:41,285 INFO o.a.j.p.h.s.HTTPSamplerBase: Parser for text/html is org.apache.jmeter.protocol.http.parser.LagartoBasedHtmlParser
2019-06-06 11:20:41,285 INFO o.a.j.p.h.s.HTTPSamplerBase: Parser for application/xhtml+xml is org.apache.jmeter.protocol.http.parser.LagartoBasedHtmlParser
2019-06-06 11:20:41,285 INFO o.a.j.p.h.s.HTTPSamplerBase: Parser for application/xml is org.apache.jmeter.protocol.http.parser.LagartoBasedHtmlParser
2019-06-06 11:20:41,285 INFO o.a.j.p.h.s.HTTPSamplerBase: Parser for text/xml is org.apache.jmeter.protocol.http.parser.LagartoBasedHtmlParser
2019-06-06 11:20:41,285 INFO o.a.j.p.h.s.HTTPSamplerBase: Parser for text/vnd.wap.wml is org.apache.jmeter.protocol.http.parser.RegexpHTMLParser
2019-06-06 11:20:41,285 INFO o.a.j.p.h.s.HTTPSamplerBase: Parser for text/css is org.apache.jmeter.protocol.http.parser.CssParser
2019-06-06 11:20:41,632 INFO o.a.j.e.KeyToolUtils: keytool found at 'keytool'
2019-06-06 11:20:41,632 INFO o.a.j.p.h.p.ProxyControl: HTTP(S) Test Script Recorder SSL Proxy will use keys that support embedded 3rd party resources in file C:\Users\Polina_Koriahina\Desktop\my_taks\tasks\apache-jmeter-5.1.1\bin\proxyserver.jks
2019-06-06 11:20:41,644 INFO o.a.j.JMeter: Creating summariser <summary>
2019-06-06 11:20:41,649 INFO o.a.j.e.StandardJMeterEngine: Running the test!
2019-06-06 11:20:41,649 INFO o.a.j.s.SampleEvent: List of sample_variables: []
2019-06-06 11:20:41,650 INFO o.a.j.s.SampleEvent: List of sample_variables: []
2019-06-06 11:20:41,654 INFO o.a.j.e.u.CompoundVariable: Note: Function class names must contain the string: '.functions.'
2019-06-06 11:20:41,654 INFO o.a.j.e.u.CompoundVariable: Note: Function class names must not contain the string: '.gui.'
2019-06-06 11:20:42,211 INFO o.a.j.JMeter: Running test (1559809242211)
2019-06-06 11:20:42,250 INFO o.a.j.e.StandardJMeterEngine: Starting ThreadGroup: 1 : Thread Group
2019-06-06 11:20:42,250 INFO o.a.j.e.StandardJMeterEngine: Starting 1 threads for group Thread Group.
2019-06-06 11:20:42,250 INFO o.a.j.e.StandardJMeterEngine: Thread will continue on error
2019-06-06 11:20:42,251 INFO o.a.j.t.ThreadGroup: Starting thread group... number=1 threads=1 ramp-up=1 delayedStart=false
2019-06-06 11:20:42,258 INFO o.a.j.t.ThreadGroup: Started thread group number 1
2019-06-06 11:20:42,258 INFO o.a.j.e.StandardJMeterEngine: All thread groups have been started
2019-06-06 11:20:42,261 INFO o.a.j.s.SampleResult: Note: Sample TimeStamps are START times
2019-06-06 11:20:42,261 INFO o.a.j.s.SampleResult: sampleresult.default.encoding is set to ISO-8859-1
2019-06-06 11:20:42,261 INFO o.a.j.s.SampleResult: sampleresult.useNanoTime=true
2019-06-06 11:20:42,261 INFO o.a.j.s.SampleResult: sampleresult.nanoThreadSleep=5000
2019-06-06 11:20:42,262 INFO o.a.j.t.JMeterThread: Thread started: Thread Group 1-1
2019-06-06 11:20:42,307 INFO o.a.j.p.h.s.HTTPHCAbstractImpl: Local host = EPUAKHAW5407
2019-06-06 11:20:42,313 INFO o.a.j.p.h.s.HTTPHC4Impl: HTTP request retry count = 0
2019-06-06 11:20:42,434 INFO o.a.j.p.h.s.h.LazyLayeredConnectionSocketFactory: Setting up HTTPS TrustAll Socket Factory
2019-06-06 11:20:42,445 INFO o.a.j.u.JsseSSLManager: Using default SSL protocol: TLS
2019-06-06 11:20:42,445 INFO o.a.j.u.JsseSSLManager: SSL session context: per-thread
2019-06-06 11:20:42,861 INFO o.a.j.u.SSLManager: JmeterKeyStore Location:  type JKS
2019-06-06 11:20:42,862 INFO o.a.j.u.SSLManager: KeyStore created OK
2019-06-06 11:20:42,862 WARN o.a.j.u.SSLManager: Keystore file not found, loading empty keystore
2019-06-06 11:20:46,108 ERROR o.a.j.e.JSR223PostProcessor: Problem in JSR223 script, get_max_value_and_radio_button
javax.script.ScriptException: java.lang.IndexOutOfBoundsException: index is out of range 0..-1 (index = -1)
	at org.codehaus.groovy.jsr223.GroovyScriptEngineImpl.eval(GroovyScriptEngineImpl.java:324) ~[groovy-all-2.4.16.jar:2.4.16]
	at org.codehaus.groovy.jsr223.GroovyCompiledScript.eval(GroovyCompiledScript.java:72) ~[groovy-all-2.4.16.jar:2.4.16]
	at javax.script.CompiledScript.eval(Unknown Source) ~[?:1.8.0_201]
	at org.apache.jmeter.util.JSR223TestElement.processFileOrScript(JSR223TestElement.java:223) ~[ApacheJMeter_core.jar:5.1.1 r1855137]
	at org.apache.jmeter.extractor.JSR223PostProcessor.process(JSR223PostProcessor.java:44) [ApacheJMeter_components.jar:5.1.1 r1855137]
	at org.apache.jmeter.threads.JMeterThread.runPostProcessors(JMeterThread.java:925) [ApacheJMeter_core.jar:5.1.1 r1855137]
	at org.apache.jmeter.threads.JMeterThread.executeSamplePackage(JMeterThread.java:564) [ApacheJMeter_core.jar:5.1.1 r1855137]
	at org.apache.jmeter.threads.JMeterThread.processSampler(JMeterThread.java:486) [ApacheJMeter_core.jar:5.1.1 r1855137]
	at org.apache.jmeter.threads.JMeterThread.run(JMeterThread.java:253) [ApacheJMeter_core.jar:5.1.1 r1855137]
	at java.lang.Thread.run(Unknown Source) [?:1.8.0_201]
Caused by: java.lang.IndexOutOfBoundsException: index is out of range 0..-1 (index = -1)
	at org.codehaus.groovy.runtime.StringGroovyMethods.getAt(StringGroovyMethods.java:1391) ~[groovy-all-2.4.16.jar:2.4.16]
	at org.codehaus.groovy.runtime.dgm$1082.invoke(Unknown Source) ~[groovy-all-2.4.16.jar:2.4.16]
	at org.codehaus.groovy.runtime.callsite.PojoMetaMethodSite$PojoMetaMethodSiteNoUnwrapNoCoerce.invoke(PojoMetaMethodSite.java:274) ~[groovy-all-2.4.16.jar:2.4.16]
	at org.codehaus.groovy.runtime.callsite.PojoMetaMethodSite.call(PojoMetaMethodSite.java:56) ~[groovy-all-2.4.16.jar:2.4.16]
	at org.codehaus.groovy.runtime.callsite.CallSiteArray.defaultCall(CallSiteArray.java:47) ~[groovy-all-2.4.16.jar:2.4.16]
	at org.codehaus.groovy.runtime.callsite.AbstractCallSite.call(AbstractCallSite.java:116) ~[groovy-all-2.4.16.jar:2.4.16]
	at org.codehaus.groovy.runtime.callsite.AbstractCallSite.call(AbstractCallSite.java:128) ~[groovy-all-2.4.16.jar:2.4.16]
	at Script1.run(Script1.groovy:8) ~[?:?]
	at org.codehaus.groovy.jsr223.GroovyScriptEngineImpl.eval(GroovyScriptEngineImpl.java:321) ~[groovy-all-2.4.16.jar:2.4.16]
	... 9 more
2019-06-06 11:20:48,718 INFO o.a.j.t.JMeterThread: Thread is done: Thread Group 1-1
2019-06-06 11:20:48,718 INFO o.a.j.t.JMeterThread: Thread finished: Thread Group 1-1
2019-06-06 11:20:48,720 INFO o.a.j.e.StandardJMeterEngine: Notifying test listeners of end of test
2019-06-06 11:20:48,723 INFO o.a.j.r.Summariser: summary =     12 in 00:00:07 =    1.8/s Avg:   470 Min:   216 Max:  1381 Err:     0 (0.00%)
